#
# There is insufficient memory for the Java Runtime Environment to continue.
# Native memory allocation (malloc) failed to allocate 32744 bytes for ChunkPool::allocate
# Possible reasons:
#   The system is out of physical RAM or swap space
#   The process is running with CompressedOops enabled, and the Java Heap may be blocking the growth of the native heap
# Possible solutions:
#   Reduce memory load on the system
#   Increase physical memory or swap space
#   Check if swap backing store is full
#   Decrease Java heap size (-Xmx/-Xms)
#   Decrease number of Java threads
#   Decrease Java thread stack sizes (-Xss)
#   Set larger code cache with -XX:ReservedCodeCacheSize=
#   JVM is running with Unscaled Compressed Oops mode in which the Java heap is
#     placed in the first 4GB address space. The Java Heap base address is the
#     maximum limit for the native heap growth. Please use -XX:HeapBaseMinAddress
#     to set the Java Heap base and to place the Java Heap above 4GB virtual address.
# This output file may be truncated or incomplete.
#
#  Out of Memory Error (./open/src/hotspot/share/memory/arena.cpp:79), pid=41108, tid=42332
#
# JRE version: Java(TM) SE Runtime Environment (14.0.2+12) (build 14.0.2+12-46)
# Java VM: Java HotSpot(TM) 64-Bit Server VM (14.0.2+12-46, mixed mode, tiered, compressed oops, g1 gc, windows-amd64)
# No core dump will be written. Minidumps are not enabled by default on client versions of Windows
#

---------------  S U M M A R Y ------------

Command Line: -Dfile.encoding=Cp1252 SearchByLocation

Host: Intel(R) Core(TM) i5-8265U CPU @ 1.60GHz, 8 cores, 7G,  Windows 10 , 64 bit Build 18362 (10.0.18362.1110)
Time: Tue Jan  5 02:12:15 2021 India Standard Time elapsed time: 1 seconds (0d 0h 0m 1s)

---------------  T H R E A D  ---------------

Current thread (0x000001afc556f000):  JavaThread "main" [_thread_in_vm, id=42332, stack(0x0000007656100000,0x0000007656200000)]

Stack: [0x0000007656100000,0x0000007656200000]
Native frames: (J=compiled Java code, j=interpreted, Vv=VM code, C=native code)
V  [jvm.dll+0x5f8a9a]
V  [jvm.dll+0x74247a]
V  [jvm.dll+0x743c2f]
V  [jvm.dll+0x744273]
V  [jvm.dll+0x20d288]
V  [jvm.dll+0xabea6]
V  [jvm.dll+0xac1fc]
V  [jvm.dll+0x651c2c]
V  [jvm.dll+0x652d1f]
V  [jvm.dll+0x32822e]
V  [jvm.dll+0x6cc989]
V  [jvm.dll+0x727068]
V  [jvm.dll+0x7255e5]
C  0x000001afcdd1f357

Java frames: (J=compiled Java code, j=interpreted, Vv=VM code)
j  jdk.internal.misc.Unsafe.defineAnonymousClass0(Ljava/lang/Class;[B[Ljava/lang/Object;)Ljava/lang/Class;+0 java.base@14.0.2
j  jdk.internal.misc.Unsafe.defineAnonymousClass(Ljava/lang/Class;[B[Ljava/lang/Object;)Ljava/lang/Class;+42 java.base@14.0.2
j  java.lang.invoke.InvokerBytecodeGenerator.loadAndInitializeInvokerClass([B[Ljava/lang/Object;)Ljava/lang/Class;+8 java.base@14.0.2
j  java.lang.invoke.InvokerBytecodeGenerator.loadMethod([B)Ljava/lang/invoke/MemberName;+6 java.base@14.0.2
j  java.lang.invoke.InvokerBytecodeGenerator.generateCustomizedCode(Ljava/lang/invoke/LambdaForm;Ljava/lang/invoke/MethodType;)Ljava/lang/invoke/MemberName;+30 java.base@14.0.2
j  java.lang.invoke.LambdaForm.compileToBytecode()V+69 java.base@14.0.2
j  java.lang.invoke.LambdaForm.prepare()V+21 java.base@14.0.2
j  java.lang.invoke.MethodHandle.<init>(Ljava/lang/invoke/MethodType;Ljava/lang/invoke/LambdaForm;)V+33 java.base@14.0.2
j  java.lang.invoke.BoundMethodHandle.<init>(Ljava/lang/invoke/MethodType;Ljava/lang/invoke/LambdaForm;)V+3 java.base@14.0.2
j  java.lang.invoke.BoundMethodHandle$Species_LLLLLLLL.<init>(Ljava/lang/invoke/MethodType;Ljava/lang/invoke/LambdaForm;Ljava/lang/Object;Ljava/lang/Object;Ljava/lang/Object;Ljava/lang/Object;Ljava/lang/Object;Ljava/lang/Object;Ljava/lang/Object;Ljava/lang/Object;)V+3 java.base@14.0.2
j  java.lang.invoke.BoundMethodHandle$Species_LLLLLLLL.make(Ljava/lang/invoke/MethodType;Ljava/lang/invoke/LambdaForm;Ljava/lang/Object;Ljava/lang/Object;Ljava/lang/Object;Ljava/lang/Object;Ljava/lang/Object;Ljava/lang/Object;Ljava/lang/Object;Ljava/lang/Object;)Ljava/lang/invoke/BoundMethodHandle;+20 java.base@14.0.2
j  java.lang.invoke.DirectMethodHandle$Holder.invokeStatic(Ljava/lang/Object;Ljava/lang/Object;Ljava/lang/Object;Ljava/lang/Object;Ljava/lang/Object;Ljava/lang/Object;Ljava/lang/Object;Ljava/lang/Object;Ljava/lang/Object;Ljava/lang/Object;Ljava/lang/Object;)Ljava/lang/Object;+28 java.base@14.0.2
j  java.lang.invoke.BoundMethodHandle$Species_LLLLLLL.copyWithExtendL(Ljava/lang/invoke/MethodType;Ljava/lang/invoke/LambdaForm;Ljava/lang/Object;)Ljava/lang/invoke/BoundMethodHandle;+38 java.base@14.0.2
j  java.lang.invoke.MethodHandles.argumentsWithCombiner(ZLjava/lang/invoke/MethodHandle;ILjava/lang/invoke/MethodHandle;[I)Ljava/lang/invoke/MethodHandle;+122 java.base@14.0.2
j  java.lang.invoke.MethodHandles.foldArgumentsWithCombiner(Ljava/lang/invoke/MethodHandle;ILjava/lang/invoke/MethodHandle;[I)Ljava/lang/invoke/MethodHandle;+5 java.base@14.0.2
j  java.lang.invoke.StringConcatFactory$MethodHandleInlineCopyStrategy.generate(Ljava/lang/invoke/MethodType;Ljava/lang/invoke/StringConcatFactory$Recipe;)Ljava/lang/invoke/MethodHandle;+913 java.base@14.0.2
j  java.lang.invoke.StringConcatFactory.generate(Ljava/lang/invoke/MethodHandles$Lookup;Ljava/lang/String;Ljava/lang/invoke/MethodType;Ljava/lang/invoke/StringConcatFactory$Recipe;)Ljava/lang/invoke/MethodHandle;+101 java.base@14.0.2
j  java.lang.invoke.StringConcatFactory.doStringConcat(Ljava/lang/invoke/MethodHandles$Lookup;Ljava/lang/String;Ljava/lang/invoke/MethodType;ZLjava/lang/String;[Ljava/lang/Object;)Ljava/lang/invoke/CallSite;+507 java.base@14.0.2
j  java.lang.invoke.StringConcatFactory.makeConcatWithConstants(Ljava/lang/invoke/MethodHandles$Lookup;Ljava/lang/String;Ljava/lang/invoke/MethodType;Ljava/lang/String;[Ljava/lang/Object;)Ljava/lang/invoke/CallSite;+71 java.base@14.0.2
j  java.lang.invoke.DirectMethodHandle$Holder.invokeStatic(Ljava/lang/Object;Ljava/lang/Object;Ljava/lang/Object;Ljava/lang/Object;Ljava/lang/Object;Ljava/lang/Object;)Ljava/lang/Object;+18 java.base@14.0.2
j  java.lang.invoke.DelegatingMethodHandle$Holder.delegate(Ljava/lang/Object;Ljava/lang/Object;Ljava/lang/Object;Ljava/lang/Object;Ljava/lang/Object;Ljava/lang/Object;)Ljava/lang/Object;+21 java.base@14.0.2
j  java.lang.invoke.Invokers$Holder.invokeExact_MT(Ljava/lang/Object;Ljava/lang/Object;Ljava/lang/Object;Ljava/lang/Object;Ljava/lang/Object;Ljava/lang/Object;Ljava/lang/Object;)Ljava/lang/Object;+26 java.base@14.0.2
j  java.lang.invoke.BootstrapMethodInvoker.invoke(Ljava/lang/Class;Ljava/lang/invoke/MethodHandle;Ljava/lang/String;Ljava/lang/Object;Ljava/lang/Object;Ljava/lang/Class;)Ljava/lang/Object;+134 java.base@14.0.2
j  java.lang.invoke.CallSite.makeSite(Ljava/lang/invoke/MethodHandle;Ljava/lang/String;Ljava/lang/invoke/MethodType;Ljava/lang/Object;Ljava/lang/Class;)Ljava/lang/invoke/CallSite;+8 java.base@14.0.2
j  java.lang.invoke.MethodHandleNatives.linkCallSiteImpl(Ljava/lang/Class;Ljava/lang/invoke/MethodHandle;Ljava/lang/String;Ljava/lang/invoke/MethodType;Ljava/lang/Object;[Ljava/lang/Object;)Ljava/lang/invoke/MemberName;+6 java.base@14.0.2
j  java.lang.invoke.MethodHandleNatives.linkCallSite(Ljava/lang/Object;ILjava/lang/Object;Ljava/lang/Object;Ljava/lang/Object;Ljava/lang/Object;[Ljava/lang/Object;)Ljava/lang/invoke/MemberName;+46 java.base@14.0.2
v  ~StubRoutines::call_stub
j  java.awt.Toolkit$1.run()Ljava/lang/String;+74 java.desktop@14.0.2
j  java.awt.Toolkit$1.run()Ljava/lang/Object;+1 java.desktop@14.0.2
j  java.security.AccessController.executePrivileged(Ljava/security/PrivilegedAction;Ljava/security/AccessControlContext;Ljava/lang/Class;)Ljava/lang/Object;+29 java.base@14.0.2
j  java.security.AccessController.doPrivileged(Ljava/security/PrivilegedAction;)Ljava/lang/Object;+5 java.base@14.0.2
j  java.awt.Toolkit.initAssistiveTechnologies()V+21 java.desktop@14.0.2
j  java.awt.Toolkit.<clinit>()V+44 java.desktop@14.0.2
v  ~StubRoutines::call_stub
j  java.awt.Component.<clinit>()V+93 java.desktop@14.0.2
v  ~StubRoutines::call_stub

---------------  P R O C E S S  ---------------

Threads class SMR info:
_java_thread_list=0x000001afc0cf4c40, length=11, elements={
0x000001afc556f000, 0x000001afc0b52800, 0x000001afc0b53800, 0x000001afc0b93800,
0x000001afc0b94000, 0x000001afc0b79800, 0x000001afc0ba1000, 0x000001afc0b7d800,
0x000001afe45d8000, 0x000001afc0d27800, 0x000001afc0d3b800
}

Java Threads: ( => current thread )
=>0x000001afc556f000 JavaThread "main" [_thread_in_vm, id=42332, stack(0x0000007656100000,0x0000007656200000)]
  0x000001afc0b52800 JavaThread "Reference Handler" daemon [_thread_blocked, id=42180, stack(0x0000007656800000,0x0000007656900000)]
  0x000001afc0b53800 JavaThread "Finalizer" daemon [_thread_blocked, id=41684, stack(0x0000007656900000,0x0000007656a00000)]
  0x000001afc0b93800 JavaThread "Signal Dispatcher" daemon [_thread_blocked, id=36560, stack(0x0000007656a00000,0x0000007656b00000)]
  0x000001afc0b94000 JavaThread "Attach Listener" daemon [_thread_blocked, id=43896, stack(0x0000007656b00000,0x0000007656c00000)]
  0x000001afc0b79800 JavaThread "Service Thread" daemon [_thread_blocked, id=43920, stack(0x0000007656c00000,0x0000007656d00000)]
  0x000001afc0ba1000 JavaThread "C2 CompilerThread0" daemon [_thread_blocked, id=26176, stack(0x0000007656d00000,0x0000007656e00000)]
  0x000001afc0b7d800 JavaThread "C1 CompilerThread0" daemon [_thread_in_native, id=44208, stack(0x0000007656e00000,0x0000007656f00000)]
  0x000001afe45d8000 JavaThread "Sweeper thread" daemon [_thread_blocked, id=34600, stack(0x0000007656f00000,0x0000007657000000)]
  0x000001afc0d27800 JavaThread "Notification Thread" daemon [_thread_blocked, id=17716, stack(0x0000007657000000,0x0000007657100000)]
  0x000001afc0d3b800 JavaThread "Common-Cleaner" daemon [_thread_blocked, id=40056, stack(0x0000007657200000,0x0000007657300000)]

Other Threads:
  0x000001afe45d4800 VMThread "VM Thread" [stack: 0x0000007656700000,0x0000007656800000] [id=6748]
  0x000001afc0d33000 WatcherThread [stack: 0x0000007657100000,0x0000007657200000] [id=9020]
  0x000001afc55b1800 GCTaskThread "GC Thread#0" [stack: 0x0000007656200000,0x0000007656300000] [id=29316]
  0x000001afc55c2800 ConcurrentGCThread "G1 Main Marker" [stack: 0x0000007656300000,0x0000007656400000] [id=31716]
  0x000001afc55c5800 ConcurrentGCThread "G1 Conc#0" [stack: 0x0000007656400000,0x0000007656500000] [id=43056]
  0x000001afc563e000 ConcurrentGCThread "G1 Refine#0" [stack: 0x0000007656500000,0x0000007656600000] [id=41548]
  0x000001afe440a800 ConcurrentGCThread "G1 Young RemSet Sampling" [stack: 0x0000007656600000,0x0000007656700000] [id=42400]

Threads with active compile tasks:
C1 CompilerThread0     1471  251       3       jdk.internal.org.objectweb.asm.Frame::execute (2305 bytes)

VM state:not at safepoint (normal execution)

VM Mutex/Monitor currently owned by a thread: None

Heap address: 0x0000000081e00000, size: 2018 MB, Compressed Oops mode: 32-bit
Narrow klass base: 0x0000000000000000, Narrow klass shift: 3
Compressed class space size: 1073741824 Address: 0x0000000100000000

Heap:
 garbage-first heap   total 131072K, used 1024K [0x0000000081e00000, 0x0000000100000000)
  region size 1024K, 2 young (2048K), 0 survivors (0K)
 Metaspace       used 7300K, capacity 7385K, committed 7424K, reserved 1060864K
  class space    used 668K, capacity 730K, committed 768K, reserved 1048576K
Heap Regions: E=young(eden), S=young(survivor), O=old, HS=humongous(starts), HC=humongous(continues), CS=collection set, F=free, OA=open archive, CA=closed archive, TAMS=top-at-mark-start (previous, next)
|   0|0x0000000081e00000, 0x0000000081e00000, 0x0000000081f00000|  0%| F|  |TAMS 0x0000000081e00000, 0x0000000081e00000| Untracked 
|   1|0x0000000081f00000, 0x0000000081f00000, 0x0000000082000000|  0%| F|  |TAMS 0x0000000081f00000, 0x0000000081f00000| Untracked 
|   2|0x0000000082000000, 0x0000000082000000, 0x0000000082100000|  0%| F|  |TAMS 0x0000000082000000, 0x0000000082000000| Untracked 
|   3|0x0000000082100000, 0x0000000082100000, 0x0000000082200000|  0%| F|  |TAMS 0x0000000082100000, 0x0000000082100000| Untracked 
|   4|0x0000000082200000, 0x0000000082200000, 0x0000000082300000|  0%| F|  |TAMS 0x0000000082200000, 0x0000000082200000| Untracked 
|   5|0x0000000082300000, 0x0000000082300000, 0x0000000082400000|  0%| F|  |TAMS 0x0000000082300000, 0x0000000082300000| Untracked 
|   6|0x0000000082400000, 0x0000000082400000, 0x0000000082500000|  0%| F|  |TAMS 0x0000000082400000, 0x0000000082400000| Untracked 
|   7|0x0000000082500000, 0x0000000082500000, 0x0000000082600000|  0%| F|  |TAMS 0x0000000082500000, 0x0000000082500000| Untracked 
|   8|0x0000000082600000, 0x0000000082600000, 0x0000000082700000|  0%| F|  |TAMS 0x0000000082600000, 0x0000000082600000| Untracked 
|   9|0x0000000082700000, 0x0000000082700000, 0x0000000082800000|  0%| F|  |TAMS 0x0000000082700000, 0x0000000082700000| Untracked 
|  10|0x0000000082800000, 0x0000000082800000, 0x0000000082900000|  0%| F|  |TAMS 0x0000000082800000, 0x0000000082800000| Untracked 
|  11|0x0000000082900000, 0x0000000082900000, 0x0000000082a00000|  0%| F|  |TAMS 0x0000000082900000, 0x0000000082900000| Untracked 
|  12|0x0000000082a00000, 0x0000000082a00000, 0x0000000082b00000|  0%| F|  |TAMS 0x0000000082a00000, 0x0000000082a00000| Untracked 
|  13|0x0000000082b00000, 0x0000000082b00000, 0x0000000082c00000|  0%| F|  |TAMS 0x0000000082b00000, 0x0000000082b00000| Untracked 
|  14|0x0000000082c00000, 0x0000000082c00000, 0x0000000082d00000|  0%| F|  |TAMS 0x0000000082c00000, 0x0000000082c00000| Untracked 
|  15|0x0000000082d00000, 0x0000000082d00000, 0x0000000082e00000|  0%| F|  |TAMS 0x0000000082d00000, 0x0000000082d00000| Untracked 
|  16|0x0000000082e00000, 0x0000000082e00000, 0x0000000082f00000|  0%| F|  |TAMS 0x0000000082e00000, 0x0000000082e00000| Untracked 
|  17|0x0000000082f00000, 0x0000000082f00000, 0x0000000083000000|  0%| F|  |TAMS 0x0000000082f00000, 0x0000000082f00000| Untracked 
|  18|0x0000000083000000, 0x0000000083000000, 0x0000000083100000|  0%| F|  |TAMS 0x0000000083000000, 0x0000000083000000| Untracked 
|  19|0x0000000083100000, 0x0000000083100000, 0x0000000083200000|  0%| F|  |TAMS 0x0000000083100000, 0x0000000083100000| Untracked 
|  20|0x0000000083200000, 0x0000000083200000, 0x0000000083300000|  0%| F|  |TAMS 0x0000000083200000, 0x0000000083200000| Untracked 
|  21|0x0000000083300000, 0x0000000083300000, 0x0000000083400000|  0%| F|  |TAMS 0x0000000083300000, 0x0000000083300000| Untracked 
|  22|0x0000000083400000, 0x0000000083400000, 0x0000000083500000|  0%| F|  |TAMS 0x0000000083400000, 0x0000000083400000| Untracked 
|  23|0x0000000083500000, 0x0000000083500000, 0x0000000083600000|  0%| F|  |TAMS 0x0000000083500000, 0x0000000083500000| Untracked 
|  24|0x0000000083600000, 0x0000000083600000, 0x0000000083700000|  0%| F|  |TAMS 0x0000000083600000, 0x0000000083600000| Untracked 
|  25|0x0000000083700000, 0x0000000083700000, 0x0000000083800000|  0%| F|  |TAMS 0x0000000083700000, 0x0000000083700000| Untracked 
|  26|0x0000000083800000, 0x0000000083800000, 0x0000000083900000|  0%| F|  |TAMS 0x0000000083800000, 0x0000000083800000| Untracked 
|  27|0x0000000083900000, 0x0000000083900000, 0x0000000083a00000|  0%| F|  |TAMS 0x0000000083900000, 0x0000000083900000| Untracked 
|  28|0x0000000083a00000, 0x0000000083a00000, 0x0000000083b00000|  0%| F|  |TAMS 0x0000000083a00000, 0x0000000083a00000| Untracked 
|  29|0x0000000083b00000, 0x0000000083b00000, 0x0000000083c00000|  0%| F|  |TAMS 0x0000000083b00000, 0x0000000083b00000| Untracked 
|  30|0x0000000083c00000, 0x0000000083c00000, 0x0000000083d00000|  0%| F|  |TAMS 0x0000000083c00000, 0x0000000083c00000| Untracked 
|  31|0x0000000083d00000, 0x0000000083d00000, 0x0000000083e00000|  0%| F|  |TAMS 0x0000000083d00000, 0x0000000083d00000| Untracked 
|  32|0x0000000083e00000, 0x0000000083e00000, 0x0000000083f00000|  0%| F|  |TAMS 0x0000000083e00000, 0x0000000083e00000| Untracked 
|  33|0x0000000083f00000, 0x0000000083f00000, 0x0000000084000000|  0%| F|  |TAMS 0x0000000083f00000, 0x0000000083f00000| Untracked 
|  34|0x0000000084000000, 0x0000000084000000, 0x0000000084100000|  0%| F|  |TAMS 0x0000000084000000, 0x0000000084000000| Untracked 
|  35|0x0000000084100000, 0x0000000084100000, 0x0000000084200000|  0%| F|  |TAMS 0x0000000084100000, 0x0000000084100000| Untracked 
|  36|0x0000000084200000, 0x0000000084200000, 0x0000000084300000|  0%| F|  |TAMS 0x0000000084200000, 0x0000000084200000| Untracked 
|  37|0x0000000084300000, 0x0000000084300000, 0x0000000084400000|  0%| F|  |TAMS 0x0000000084300000, 0x0000000084300000| Untracked 
|  38|0x0000000084400000, 0x0000000084400000, 0x0000000084500000|  0%| F|  |TAMS 0x0000000084400000, 0x0000000084400000| Untracked 
|  39|0x0000000084500000, 0x0000000084500000, 0x0000000084600000|  0%| F|  |TAMS 0x0000000084500000, 0x0000000084500000| Untracked 
|  40|0x0000000084600000, 0x0000000084600000, 0x0000000084700000|  0%| F|  |TAMS 0x0000000084600000, 0x0000000084600000| Untracked 
|  41|0x0000000084700000, 0x0000000084700000, 0x0000000084800000|  0%| F|  |TAMS 0x0000000084700000, 0x0000000084700000| Untracked 
|  42|0x0000000084800000, 0x0000000084800000, 0x0000000084900000|  0%| F|  |TAMS 0x0000000084800000, 0x0000000084800000| Untracked 
|  43|0x0000000084900000, 0x0000000084900000, 0x0000000084a00000|  0%| F|  |TAMS 0x0000000084900000, 0x0000000084900000| Untracked 
|  44|0x0000000084a00000, 0x0000000084a00000, 0x0000000084b00000|  0%| F|  |TAMS 0x0000000084a00000, 0x0000000084a00000| Untracked 
|  45|0x0000000084b00000, 0x0000000084b00000, 0x0000000084c00000|  0%| F|  |TAMS 0x0000000084b00000, 0x0000000084b00000| Untracked 
|  46|0x0000000084c00000, 0x0000000084c00000, 0x0000000084d00000|  0%| F|  |TAMS 0x0000000084c00000, 0x0000000084c00000| Untracked 
|  47|0x0000000084d00000, 0x0000000084d00000, 0x0000000084e00000|  0%| F|  |TAMS 0x0000000084d00000, 0x0000000084d00000| Untracked 
|  48|0x0000000084e00000, 0x0000000084e00000, 0x0000000084f00000|  0%| F|  |TAMS 0x0000000084e00000, 0x0000000084e00000| Untracked 
|  49|0x0000000084f00000, 0x0000000084f00000, 0x0000000085000000|  0%| F|  |TAMS 0x0000000084f00000, 0x0000000084f00000| Untracked 
|  50|0x0000000085000000, 0x0000000085000000, 0x0000000085100000|  0%| F|  |TAMS 0x0000000085000000, 0x0000000085000000| Untracked 
|  51|0x0000000085100000, 0x0000000085100000, 0x0000000085200000|  0%| F|  |TAMS 0x0000000085100000, 0x0000000085100000| Untracked 
|  52|0x0000000085200000, 0x0000000085200000, 0x0000000085300000|  0%| F|  |TAMS 0x0000000085200000, 0x0000000085200000| Untracked 
|  53|0x0000000085300000, 0x0000000085300000, 0x0000000085400000|  0%| F|  |TAMS 0x0000000085300000, 0x0000000085300000| Untracked 
|  54|0x0000000085400000, 0x0000000085400000, 0x0000000085500000|  0%| F|  |TAMS 0x0000000085400000, 0x0000000085400000| Untracked 
|  55|0x0000000085500000, 0x0000000085500000, 0x0000000085600000|  0%| F|  |TAMS 0x0000000085500000, 0x0000000085500000| Untracked 
|  56|0x0000000085600000, 0x0000000085600000, 0x0000000085700000|  0%| F|  |TAMS 0x0000000085600000, 0x0000000085600000| Untracked 
|  57|0x0000000085700000, 0x0000000085700000, 0x0000000085800000|  0%| F|  |TAMS 0x0000000085700000, 0x0000000085700000| Untracked 
|  58|0x0000000085800000, 0x0000000085800000, 0x0000000085900000|  0%| F|  |TAMS 0x0000000085800000, 0x0000000085800000| Untracked 
|  59|0x0000000085900000, 0x0000000085900000, 0x0000000085a00000|  0%| F|  |TAMS 0x0000000085900000, 0x0000000085900000| Untracked 
|  60|0x0000000085a00000, 0x0000000085a00000, 0x0000000085b00000|  0%| F|  |TAMS 0x0000000085a00000, 0x0000000085a00000| Untracked 
|  61|0x0000000085b00000, 0x0000000085b00000, 0x0000000085c00000|  0%| F|  |TAMS 0x0000000085b00000, 0x0000000085b00000| Untracked 
|  62|0x0000000085c00000, 0x0000000085c00000, 0x0000000085d00000|  0%| F|  |TAMS 0x0000000085c00000, 0x0000000085c00000| Untracked 
|  63|0x0000000085d00000, 0x0000000085d00000, 0x0000000085e00000|  0%| F|  |TAMS 0x0000000085d00000, 0x0000000085d00000| Untracked 
|  64|0x0000000085e00000, 0x0000000085e00000, 0x0000000085f00000|  0%| F|  |TAMS 0x0000000085e00000, 0x0000000085e00000| Untracked 
|  65|0x0000000085f00000, 0x0000000085f00000, 0x0000000086000000|  0%| F|  |TAMS 0x0000000085f00000, 0x0000000085f00000| Untracked 
|  66|0x0000000086000000, 0x0000000086000000, 0x0000000086100000|  0%| F|  |TAMS 0x0000000086000000, 0x0000000086000000| Untracked 
|  67|0x0000000086100000, 0x0000000086100000, 0x0000000086200000|  0%| F|  |TAMS 0x0000000086100000, 0x0000000086100000| Untracked 
|  68|0x0000000086200000, 0x0000000086200000, 0x0000000086300000|  0%| F|  |TAMS 0x0000000086200000, 0x0000000086200000| Untracked 
|  69|0x0000000086300000, 0x0000000086300000, 0x0000000086400000|  0%| F|  |TAMS 0x0000000086300000, 0x0000000086300000| Untracked 
|  70|0x0000000086400000, 0x0000000086400000, 0x0000000086500000|  0%| F|  |TAMS 0x0000000086400000, 0x0000000086400000| Untracked 
|  71|0x0000000086500000, 0x0000000086500000, 0x0000000086600000|  0%| F|  |TAMS 0x0000000086500000, 0x0000000086500000| Untracked 
|  72|0x0000000086600000, 0x0000000086600000, 0x0000000086700000|  0%| F|  |TAMS 0x0000000086600000, 0x0000000086600000| Untracked 
|  73|0x0000000086700000, 0x0000000086700000, 0x0000000086800000|  0%| F|  |TAMS 0x0000000086700000, 0x0000000086700000| Untracked 
|  74|0x0000000086800000, 0x0000000086800000, 0x0000000086900000|  0%| F|  |TAMS 0x0000000086800000, 0x0000000086800000| Untracked 
|  75|0x0000000086900000, 0x0000000086900000, 0x0000000086a00000|  0%| F|  |TAMS 0x0000000086900000, 0x0000000086900000| Untracked 
|  76|0x0000000086a00000, 0x0000000086a00000, 0x0000000086b00000|  0%| F|  |TAMS 0x0000000086a00000, 0x0000000086a00000| Untracked 
|  77|0x0000000086b00000, 0x0000000086b00000, 0x0000000086c00000|  0%| F|  |TAMS 0x0000000086b00000, 0x0000000086b00000| Untracked 
|  78|0x0000000086c00000, 0x0000000086c00000, 0x0000000086d00000|  0%| F|  |TAMS 0x0000000086c00000, 0x0000000086c00000| Untracked 
|  79|0x0000000086d00000, 0x0000000086d00000, 0x0000000086e00000|  0%| F|  |TAMS 0x0000000086d00000, 0x0000000086d00000| Untracked 
|  80|0x0000000086e00000, 0x0000000086e00000, 0x0000000086f00000|  0%| F|  |TAMS 0x0000000086e00000, 0x0000000086e00000| Untracked 
|  81|0x0000000086f00000, 0x0000000086f00000, 0x0000000087000000|  0%| F|  |TAMS 0x0000000086f00000, 0x0000000086f00000| Untracked 
|  82|0x0000000087000000, 0x0000000087000000, 0x0000000087100000|  0%| F|  |TAMS 0x0000000087000000, 0x0000000087000000| Untracked 
|  83|0x0000000087100000, 0x0000000087100000, 0x0000000087200000|  0%| F|  |TAMS 0x0000000087100000, 0x0000000087100000| Untracked 
|  84|0x0000000087200000, 0x0000000087200000, 0x0000000087300000|  0%| F|  |TAMS 0x0000000087200000, 0x0000000087200000| Untracked 
|  85|0x0000000087300000, 0x0000000087300000, 0x0000000087400000|  0%| F|  |TAMS 0x0000000087300000, 0x0000000087300000| Untracked 
|  86|0x0000000087400000, 0x0000000087400000, 0x0000000087500000|  0%| F|  |TAMS 0x0000000087400000, 0x0000000087400000| Untracked 
|  87|0x0000000087500000, 0x0000000087500000, 0x0000000087600000|  0%| F|  |TAMS 0x0000000087500000, 0x0000000087500000| Untracked 
|  88|0x0000000087600000, 0x0000000087600000, 0x0000000087700000|  0%| F|  |TAMS 0x0000000087600000, 0x0000000087600000| Untracked 
|  89|0x0000000087700000, 0x0000000087700000, 0x0000000087800000|  0%| F|  |TAMS 0x0000000087700000, 0x0000000087700000| Untracked 
|  90|0x0000000087800000, 0x0000000087800000, 0x0000000087900000|  0%| F|  |TAMS 0x0000000087800000, 0x0000000087800000| Untracked 
|  91|0x0000000087900000, 0x0000000087900000, 0x0000000087a00000|  0%| F|  |TAMS 0x0000000087900000, 0x0000000087900000| Untracked 
|  92|0x0000000087a00000, 0x0000000087a00000, 0x0000000087b00000|  0%| F|  |TAMS 0x0000000087a00000, 0x0000000087a00000| Untracked 
|  93|0x0000000087b00000, 0x0000000087b00000, 0x0000000087c00000|  0%| F|  |TAMS 0x0000000087b00000, 0x0000000087b00000| Untracked 
|  94|0x0000000087c00000, 0x0000000087c00000, 0x0000000087d00000|  0%| F|  |TAMS 0x0000000087c00000, 0x0000000087c00000| Untracked 
|  95|0x0000000087d00000, 0x0000000087d00000, 0x0000000087e00000|  0%| F|  |TAMS 0x0000000087d00000, 0x0000000087d00000| Untracked 
|  96|0x0000000087e00000, 0x0000000087e00000, 0x0000000087f00000|  0%| F|  |TAMS 0x0000000087e00000, 0x0000000087e00000| Untracked 
|  97|0x0000000087f00000, 0x0000000087f00000, 0x0000000088000000|  0%| F|  |TAMS 0x0000000087f00000, 0x0000000087f00000| Untracked 
|  98|0x0000000088000000, 0x0000000088000000, 0x0000000088100000|  0%| F|  |TAMS 0x0000000088000000, 0x0000000088000000| Untracked 
|  99|0x0000000088100000, 0x0000000088100000, 0x0000000088200000|  0%| F|  |TAMS 0x0000000088100000, 0x0000000088100000| Untracked 
| 100|0x0000000088200000, 0x0000000088200000, 0x0000000088300000|  0%| F|  |TAMS 0x0000000088200000, 0x0000000088200000| Untracked 
| 101|0x0000000088300000, 0x0000000088300000, 0x0000000088400000|  0%| F|  |TAMS 0x0000000088300000, 0x0000000088300000| Untracked 
| 102|0x0000000088400000, 0x0000000088400000, 0x0000000088500000|  0%| F|  |TAMS 0x0000000088400000, 0x0000000088400000| Untracked 
| 103|0x0000000088500000, 0x0000000088500000, 0x0000000088600000|  0%| F|  |TAMS 0x0000000088500000, 0x0000000088500000| Untracked 
| 104|0x0000000088600000, 0x0000000088600000, 0x0000000088700000|  0%| F|  |TAMS 0x0000000088600000, 0x0000000088600000| Untracked 
| 105|0x0000000088700000, 0x0000000088700000, 0x0000000088800000|  0%| F|  |TAMS 0x0000000088700000, 0x0000000088700000| Untracked 
| 106|0x0000000088800000, 0x0000000088800000, 0x0000000088900000|  0%| F|  |TAMS 0x0000000088800000, 0x0000000088800000| Untracked 
| 107|0x0000000088900000, 0x0000000088900000, 0x0000000088a00000|  0%| F|  |TAMS 0x0000000088900000, 0x0000000088900000| Untracked 
| 108|0x0000000088a00000, 0x0000000088a00000, 0x0000000088b00000|  0%| F|  |TAMS 0x0000000088a00000, 0x0000000088a00000| Untracked 
| 109|0x0000000088b00000, 0x0000000088b00000, 0x0000000088c00000|  0%| F|  |TAMS 0x0000000088b00000, 0x0000000088b00000| Untracked 
| 110|0x0000000088c00000, 0x0000000088c00000, 0x0000000088d00000|  0%| F|  |TAMS 0x0000000088c00000, 0x0000000088c00000| Untracked 
| 111|0x0000000088d00000, 0x0000000088d00000, 0x0000000088e00000|  0%| F|  |TAMS 0x0000000088d00000, 0x0000000088d00000| Untracked 
| 112|0x0000000088e00000, 0x0000000088e00000, 0x0000000088f00000|  0%| F|  |TAMS 0x0000000088e00000, 0x0000000088e00000| Untracked 
| 113|0x0000000088f00000, 0x0000000088f00000, 0x0000000089000000|  0%| F|  |TAMS 0x0000000088f00000, 0x0000000088f00000| Untracked 
| 114|0x0000000089000000, 0x0000000089000000, 0x0000000089100000|  0%| F|  |TAMS 0x0000000089000000, 0x0000000089000000| Untracked 
| 115|0x0000000089100000, 0x0000000089100000, 0x0000000089200000|  0%| F|  |TAMS 0x0000000089100000, 0x0000000089100000| Untracked 
| 116|0x0000000089200000, 0x0000000089200000, 0x0000000089300000|  0%| F|  |TAMS 0x0000000089200000, 0x0000000089200000| Untracked 
| 117|0x0000000089300000, 0x0000000089300000, 0x0000000089400000|  0%| F|  |TAMS 0x0000000089300000, 0x0000000089300000| Untracked 
| 118|0x0000000089400000, 0x0000000089400000, 0x0000000089500000|  0%| F|  |TAMS 0x0000000089400000, 0x0000000089400000| Untracked 
| 119|0x0000000089500000, 0x0000000089500000, 0x0000000089600000|  0%| F|  |TAMS 0x0000000089500000, 0x0000000089500000| Untracked 
| 120|0x0000000089600000, 0x0000000089600000, 0x0000000089700000|  0%| F|  |TAMS 0x0000000089600000, 0x0000000089600000| Untracked 
| 121|0x0000000089700000, 0x0000000089700000, 0x0000000089800000|  0%| F|  |TAMS 0x0000000089700000, 0x0000000089700000| Untracked 
| 122|0x0000000089800000, 0x0000000089800000, 0x0000000089900000|  0%| F|  |TAMS 0x0000000089800000, 0x0000000089800000| Untracked 
| 123|0x0000000089900000, 0x0000000089900000, 0x0000000089a00000|  0%| F|  |TAMS 0x0000000089900000, 0x0000000089900000| Untracked 
| 124|0x0000000089a00000, 0x0000000089a00000, 0x0000000089b00000|  0%| F|  |TAMS 0x0000000089a00000, 0x0000000089a00000| Untracked 
| 125|0x0000000089b00000, 0x0000000089b00000, 0x0000000089c00000|  0%| F|  |TAMS 0x0000000089b00000, 0x0000000089b00000| Untracked 
| 126|0x0000000089c00000, 0x0000000089d00000, 0x0000000089d00000|100%| E|  |TAMS 0x0000000089c00000, 0x0000000089c00000| Complete 
| 127|0x0000000089d00000, 0x0000000089e00000, 0x0000000089e00000|100%| E|CS|TAMS 0x0000000089d00000, 0x0000000089d00000| Complete 

Card table byte_map: [0x000001afdd440000,0x000001afdd840000] _byte_map_base: 0x000001afdd031000

Marking Bits (Prev, Next): (CMBitMap*) 0x000001afc55b2188, (CMBitMap*) 0x000001afc55b21c8
 Prev Bits: [0x000001afddc40000, 0x000001afdfbc8000)
 Next Bits: [0x000001afdfbd0000, 0x000001afe1b58000)

Polling page: 0x000001afc4d40000

Metaspace:

Usage:
  Non-class:      6.50 MB capacity,     6.48 MB (>99%) used,    17.56 KB ( <1%) free+waste,     5.31 KB ( <1%) overhead. 
      Class:    730.00 KB capacity,   668.45 KB ( 92%) used,    59.30 KB (  8%) free+waste,     2.25 KB ( <1%) overhead. 
       Both:      7.21 MB capacity,     7.13 MB ( 99%) used,    76.87 KB (  1%) free+waste,     7.56 KB ( <1%) overhead. 

Virtual space:
  Non-class space:       12.00 MB reserved,       6.50 MB ( 54%) committed 
      Class space:        1.00 GB reserved,     768.00 KB ( <1%) committed 
             Both:        1.01 GB reserved,       7.25 MB ( <1%) committed 

Chunk freelists:
   Non-Class:  1.00 KB
       Class:  6.00 KB
        Both:  7.00 KB

MaxMetaspaceSize: 17179869184.00 GB
CompressedClassSpaceSize: 1.00 GB

CodeHeap 'non-profiled nmethods': size=120000Kb used=82Kb max_used=82Kb free=119917Kb
 bounds [0x000001afd57e0000, 0x000001afd5a50000, 0x000001afdcd10000]
CodeHeap 'profiled nmethods': size=120000Kb used=272Kb max_used=272Kb free=119727Kb
 bounds [0x000001afce2b0000, 0x000001afce520000, 0x000001afd57e0000]
CodeHeap 'non-nmethods': size=5760Kb used=1115Kb max_used=1121Kb free=4644Kb
 bounds [0x000001afcdd10000, 0x000001afcdf80000, 0x000001afce2b0000]
 total_blobs=606 nmethods=250 adapters=269
 compilation: enabled
              stopped_count=0, restarted_count=0
 full_count=0

Compilation events (20 events):
Event: 1.135 Thread 0x000001afc0b7d800 nmethod 229 0x000001afce2edc10 code [0x000001afce2edda0, 0x000001afce2edeb8]
Event: 1.135 Thread 0x000001afc0b7d800  234       3       java.lang.StringBuilder::toString (35 bytes)
Event: 1.136 Thread 0x000001afc0b7d800 nmethod 234 0x000001afce2edf90 code [0x000001afce2ee180, 0x000001afce2ee618]
Event: 1.136 Thread 0x000001afc0b7d800  238       3       java.lang.invoke.MemberName::isResolved (13 bytes)
Event: 1.136 Thread 0x000001afc0b7d800 nmethod 238 0x000001afce2ee790 code [0x000001afce2ee920, 0x000001afce2eea78]
Event: 1.141 Thread 0x000001afc0b7d800  239       3       java.lang.invoke.LambdaForm$Name::<init> (54 bytes)
Event: 1.142 Thread 0x000001afc0b7d800 nmethod 239 0x000001afce2eeb10 code [0x000001afce2eecc0, 0x000001afce2eef78]
Event: 1.142 Thread 0x000001afc0b7d800  242       3       jdk.internal.org.objectweb.asm.Frame::push (109 bytes)
Event: 1.143 Thread 0x000001afc0b7d800 nmethod 242 0x000001afce2ef010 code [0x000001afce2ef1e0, 0x000001afce2ef748]
Event: 1.143 Thread 0x000001afc0b7d800  244       3       java.lang.invoke.LambdaForm$Name::useCount (42 bytes)
Event: 1.143 Thread 0x000001afc0b7d800 nmethod 244 0x000001afce2ef910 code [0x000001afce2efac0, 0x000001afce2efdb8]
Event: 1.144 Thread 0x000001afc0b7d800  246       3       java.lang.String::substring (58 bytes)
Event: 1.145 Thread 0x000001afc0b7d800 nmethod 246 0x000001afce2eff10 code [0x000001afce2f0120, 0x000001afce2f07a8]
Event: 1.145 Thread 0x000001afc0b7d800  245   !   3       java.lang.invoke.MemberName::getMethodType (203 bytes)
Event: 1.148 Thread 0x000001afc0b7d800 nmethod 245 0x000001afce2f0a10 code [0x000001afce2f0d00, 0x000001afce2f22b8]
Event: 1.148 Thread 0x000001afc0b7d800  249       3       java.util.Arrays::equals (57 bytes)
Event: 1.148 Thread 0x000001afc0b7d800 nmethod 249 0x000001afce2f2890 code [0x000001afce2f2a60, 0x000001afce2f2fc8]
Event: 1.149 Thread 0x000001afc0b7d800  247       3       java.lang.invoke.MethodType$ConcurrentWeakInternSet::get (47 bytes)
Event: 1.150 Thread 0x000001afc0b7d800 nmethod 247 0x000001afce2f3190 code [0x000001afce2f33c0, 0x000001afce2f3d78]
Event: 1.150 Thread 0x000001afc0b7d800  251       3       jdk.internal.org.objectweb.asm.Frame::execute (2305 bytes)

GC Heap History (0 events):
No events

Deoptimization events (4 events):
Event: 0.630 Thread 0x000001afc556f000 Uncommon trap: trap_request=0xffffff45 fr.pc=0x000001afd57e471c relative=0x000000000000023c
Event: 0.630 Thread 0x000001afc556f000 Uncommon trap: reason=unstable_if action=reinterpret pc=0x000001afd57e471c method=java.lang.String.hashCode()I @ 13 c2
Event: 0.630 Thread 0x000001afc556f000 DEOPT PACKING pc=0x000001afd57e471c sp=0x00000076561fe0e0
Event: 0.630 Thread 0x000001afc556f000 DEOPT UNPACKING pc=0x000001afcdd5912f sp=0x00000076561fe078 mode 2

Classes unloaded (0 events):
No events

Classes redefined (0 events):
No events

Internal exceptions (2 events):
Event: 1.010 Thread 0x000001afc556f000 Exception <a 'java/lang/ClassNotFoundException'{0x0000000089c7bad0}: sun/awt/resources/spi/awtProvider> (0x0000000089c7bad0) 
thrown [./open/src/hotspot/share/classfile/systemDictionary.cpp, line 226]
Event: 1.145 Thread 0x000001afc556f000 Exception <a 'java/io/FileNotFoundException'{0x0000000089ccff48}> (0x0000000089ccff48) 
thrown [./open/src/hotspot/share/prims/jni.cpp, line 599]

Events (20 events):
Event: 1.137 loading class java/util/SortedMap
Event: 1.137 loading class java/util/SortedMap done
Event: 1.137 loading class java/util/NavigableMap done
Event: 1.138 loading class java/util/TreeMap done
Event: 1.138 loading class java/lang/invoke/LambdaFormEditor$1
Event: 1.139 loading class java/lang/invoke/LambdaFormEditor$1 done
Event: 1.139 loading class java/util/TreeMap$Entry
Event: 1.139 loading class java/util/TreeMap$Entry done
Event: 1.140 loading class java/util/TreeMap$EntrySet
Event: 1.140 loading class java/util/TreeMap$EntrySet done
Event: 1.140 loading class java/util/TreeMap$EntryIterator
Event: 1.140 loading class java/util/TreeMap$PrivateEntryIterator
Event: 1.141 loading class java/util/TreeMap$PrivateEntryIterator done
Event: 1.141 loading class java/util/TreeMap$EntryIterator done
Event: 1.145 loading class java/io/FileNotFoundException
Event: 1.145 loading class java/io/IOException
Event: 1.145 loading class java/io/IOException done
Event: 1.145 loading class java/io/FileNotFoundException done
Event: 1.155 loading class java/lang/invoke/BoundMethodHandle$Species_LLLLLLLL
Event: 1.155 loading class java/lang/invoke/BoundMethodHandle$Species_LLLLLLLL done


Dynamic libraries:
0x00007ff7a5500000 - 0x00007ff7a550f000 	C:\Program Files\Java\jdk-14.0.2\bin\javaw.exe
0x00007ffc8e040000 - 0x00007ffc8e230000 	C:\windows\SYSTEM32\ntdll.dll
0x00007ffc8ce30000 - 0x00007ffc8cee2000 	C:\windows\System32\KERNEL32.DLL
0x00007ffc8be40000 - 0x00007ffc8c0e5000 	C:\windows\System32\KERNELBASE.dll
0x00007ffc8bca0000 - 0x00007ffc8bd9a000 	C:\windows\System32\ucrtbase.dll
0x00007ffc7bc10000 - 0x00007ffc7bc28000 	C:\Program Files\Java\jdk-14.0.2\bin\jli.dll
0x00007ffc7bbf0000 - 0x00007ffc7bc05000 	C:\Program Files\Java\jdk-14.0.2\bin\VCRUNTIME140.dll
0x00007ffc8dce0000 - 0x00007ffc8dd83000 	C:\windows\System32\ADVAPI32.dll
0x00007ffc8c180000 - 0x00007ffc8c21e000 	C:\windows\System32\msvcrt.dll
0x00007ffc8df60000 - 0x00007ffc8dff7000 	C:\windows\System32\sechost.dll
0x00007ffc8c610000 - 0x00007ffc8c730000 	C:\windows\System32\RPCRT4.dll
0x00007ffc8cbc0000 - 0x00007ffc8cd54000 	C:\windows\System32\USER32.dll
0x00007ffc72c70000 - 0x00007ffc72ef4000 	C:\windows\WinSxS\amd64_microsoft.windows.common-controls_6595b64144ccf1df_6.0.18362.1256_none_9e7e379be45e40e2\COMCTL32.dll
0x00007ffc8ba20000 - 0x00007ffc8ba41000 	C:\windows\System32\win32u.dll
0x00007ffc8c2d0000 - 0x00007ffc8c606000 	C:\windows\System32\combase.dll
0x00007ffc8c0f0000 - 0x00007ffc8c116000 	C:\windows\System32\GDI32.dll
0x00007ffc8bb00000 - 0x00007ffc8bc96000 	C:\windows\System32\gdi32full.dll
0x00007ffc8ba70000 - 0x00007ffc8baf1000 	C:\windows\System32\bcryptPrimitives.dll
0x00007ffc8bda0000 - 0x00007ffc8be3e000 	C:\windows\System32\msvcp_win.dll
0x00007ffc85f40000 - 0x00007ffc85f4a000 	C:\windows\SYSTEM32\VERSION.dll
0x00007ffc8c2a0000 - 0x00007ffc8c2ce000 	C:\windows\System32\IMM32.DLL
0x00007ffc70030000 - 0x00007ffc700cb000 	C:\Program Files\Java\jdk-14.0.2\bin\msvcp140.dll
0x00007ffc3c160000 - 0x00007ffc3cc7e000 	C:\Program Files\Java\jdk-14.0.2\bin\server\jvm.dll
0x00007ffc8dd90000 - 0x00007ffc8dd98000 	C:\windows\System32\PSAPI.DLL
0x00007ffc78370000 - 0x00007ffc78379000 	C:\windows\SYSTEM32\WSOCK32.dll
0x00007ffc78920000 - 0x00007ffc78944000 	C:\windows\SYSTEM32\WINMM.dll
0x00007ffc8d720000 - 0x00007ffc8d78f000 	C:\windows\System32\WS2_32.dll
0x00007ffc78f90000 - 0x00007ffc78fbd000 	C:\windows\SYSTEM32\winmmbase.dll
0x00007ffc8b940000 - 0x00007ffc8b98a000 	C:\windows\System32\cfgmgr32.dll
0x00007ffc8aef0000 - 0x00007ffc8af01000 	C:\windows\System32\kernel.appcore.dll
0x00007ffc88990000 - 0x00007ffc8899a000 	C:\Program Files\Java\jdk-14.0.2\bin\jimage.dll
0x00007ffc89440000 - 0x00007ffc89634000 	C:\windows\SYSTEM32\DBGHELP.DLL
0x00007ffc7d210000 - 0x00007ffc7d23a000 	C:\windows\SYSTEM32\dbgcore.DLL
0x00007ffc5dca0000 - 0x00007ffc5dcc5000 	C:\Program Files\Java\jdk-14.0.2\bin\java.dll
0x00007ffc773a0000 - 0x00007ffc773b6000 	C:\Program Files\Java\jdk-14.0.2\bin\zip.dll
0x00007ffc8d030000 - 0x00007ffc8d717000 	C:\windows\System32\SHELL32.dll
0x00007ffc8cf80000 - 0x00007ffc8d029000 	C:\windows\System32\shcore.dll
0x00007ffc8b100000 - 0x00007ffc8b881000 	C:\windows\System32\windows.storage.dll
0x00007ffc8af60000 - 0x00007ffc8af83000 	C:\windows\System32\profapi.dll
0x00007ffc8af10000 - 0x00007ffc8af5a000 	C:\windows\System32\powrprof.dll
0x00007ffc8aee0000 - 0x00007ffc8aef0000 	C:\windows\System32\UMPDC.dll
0x00007ffc8c220000 - 0x00007ffc8c272000 	C:\windows\System32\shlwapi.dll
0x00007ffc8ba50000 - 0x00007ffc8ba67000 	C:\windows\System32\cryptsp.dll
0x00007ffc5f8d0000 - 0x00007ffc5f8e9000 	C:\Program Files\Java\jdk-14.0.2\bin\net.dll
0x00007ffc80340000 - 0x00007ffc80430000 	C:\windows\SYSTEM32\WINHTTP.dll
0x00007ffc8a6d0000 - 0x00007ffc8a737000 	C:\windows\system32\mswsock.dll
0x00007ffc5dc80000 - 0x00007ffc5dc92000 	C:\Program Files\Java\jdk-14.0.2\bin\nio.dll
0x00007ffc44a10000 - 0x00007ffc44ba9000 	C:\Program Files\Java\jdk-14.0.2\bin\awt.dll
0x00007ffc8cd60000 - 0x00007ffc8ce25000 	C:\windows\System32\OLEAUT32.dll
0x00007ffc89130000 - 0x00007ffc891bf000 	C:\windows\SYSTEM32\apphelp.dll

dbghelp: loaded successfully - version: 4.0.5 - missing functions: none
symbol engine: initialized successfully - sym options: 0x614 - pdb path: .;C:\Program Files\Java\jdk-14.0.2\bin;C:\windows\SYSTEM32;C:\windows\WinSxS\amd64_microsoft.windows.common-controls_6595b64144ccf1df_6.0.18362.1256_none_9e7e379be45e40e2;C:\Program Files\Java\jdk-14.0.2\bin\server

VM Arguments:
jvm_args: -Dfile.encoding=Cp1252 
java_command: SearchByLocation
java_class_path (initial): C:\Users\NISCHALA R\Desktop\java\Healthcare Management System\bin;C:\Users\NISCHALA R\Desktop\rs2xml\rs2xml\rs2xml.jar;C:\Users\NISCHALA R\Desktop\mysql-connector-java-8.0.22\mysql-connector-java-8.0.22.jar;C:\Users\NISCHALA R\Desktop\jcalendar-1.4.jar
Launcher Type: SUN_STANDARD

[Global flags]
     intx CICompilerCount                          = 4                                         {product} {ergonomic}
     uint ConcGCThreads                            = 2                                         {product} {ergonomic}
     uint G1ConcRefinementThreads                  = 8                                         {product} {ergonomic}
   size_t G1HeapRegionSize                         = 1048576                                   {product} {ergonomic}
    uintx GCDrainStackTargetSize                   = 64                                        {product} {ergonomic}
   size_t InitialHeapSize                          = 134217728                                 {product} {ergonomic}
   size_t MarkStackSize                            = 4194304                                   {product} {ergonomic}
   size_t MaxHeapSize                              = 2116026368                                {product} {ergonomic}
   size_t MaxNewSize                               = 1268776960                                {product} {ergonomic}
   size_t MinHeapDeltaBytes                        = 1048576                                   {product} {ergonomic}
   size_t MinHeapSize                              = 8388608                                   {product} {ergonomic}
    uintx NonNMethodCodeHeapSize                   = 5839372                                {pd product} {ergonomic}
    uintx NonProfiledCodeHeapSize                  = 122909434                              {pd product} {ergonomic}
    uintx ProfiledCodeHeapSize                     = 122909434                              {pd product} {ergonomic}
    uintx ReservedCodeCacheSize                    = 251658240                              {pd product} {ergonomic}
     bool SegmentedCodeCache                       = true                                      {product} {ergonomic}
   size_t SoftMaxHeapSize                          = 2116026368                             {manageable} {ergonomic}
     bool UseCompressedClassPointers               = true                                 {lp64_product} {ergonomic}
     bool UseCompressedOops                        = true                                 {lp64_product} {ergonomic}
     bool UseG1GC                                  = true                                      {product} {ergonomic}
     bool UseLargePagesIndividualAllocation        = false                                  {pd product} {ergonomic}

Logging:
Log output configuration:
 #0: stdout all=warning uptime,level,tags
 #1: stderr all=off uptime,level,tags

Environment Variables:
PATH=C:/Program Files/Java/jdk-14.0.2/bin/server;C:/Program Files/Java/jdk-14.0.2/bin;C:\windows\system32;C:\windows;C:\windows\System32\Wbem;C:\windows\System32\WindowsPowerShell\v1.0\;C:\windows\System32\OpenSSH\;C:\cygwin64\bin;C:\Program Files\Git\cmd;C:\Program Files\nodejs\node_modules\npm;C:\Program Files\nodejs\;C:\Program Files\Sublime Text 3\sublime_text.exe;C:\Program Files\Java\jdk-14.0.2\bin;C:\Program Files\MySQL\MySQL Shell8.0\bin\;C:\Users\NISCHALA R\AppData\Roaming\npm;C:\Users\NISCHALA R\Desktop;
USERNAME=NISCHALA R
OS=Windows_NT
PROCESSOR_IDENTIFIER=Intel64 Family 6 Model 142 Stepping 12, GenuineIntel



---------------  S Y S T E M  ---------------

OS: Windows 10 , 64 bit Build 18362 (10.0.18362.1110)
OS uptime: 26 days 3:07 hours

CPU:total 8 (initial active 8) (4 cores per cpu, 2 threads per core) family 6 model 142 stepping 12, cmov, cx8, fxsr, mmx, sse, sse2, sse3, ssse3, sse4.1, sse4.2, popcnt, avx, avx2, aes, clmul, erms, 3dnowpref, lzcnt, ht, tsc, tscinvbit, bmi1, bmi2, adx, fma

Memory: 4k page, system-wide physical 8070M (339M free)
TotalPageFile size 32646M (AvailPageFile size 0M)
current process WorkingSet (physical memory assigned to process): 34M, peak: 34M
current process commit charge ("private bytes"): 208M, peak: 208M

vm_info: Java HotSpot(TM) 64-Bit Server VM (14.0.2+12-46) for windows-amd64 JRE (14.0.2+12-46), built on Jul  9 2020 00:35:52 by "mach5one" with MS VC++ 15.9 (VS2017)

END.
