#
# There is insufficient memory for the Java Runtime Environment to continue.
# Native memory allocation (mmap) failed to map 134217728 bytes for Failed to commit area from 0x0000000081e00000 to 0x0000000089e00000 of length 134217728.
# Possible reasons:
#   The system is out of physical RAM or swap space
#   The process is running with CompressedOops enabled, and the Java Heap may be blocking the growth of the native heap
# Possible solutions:
#   Reduce memory load on the system
#   Increase physical memory or swap space
#   Check if swap backing store is full
#   Decrease Java heap size (-Xmx/-Xms)
#   Decrease number of Java threads
#   Decrease Java thread stack sizes (-Xss)
#   Set larger code cache with -XX:ReservedCodeCacheSize=
#   JVM is running with Unscaled Compressed Oops mode in which the Java heap is
#     placed in the first 4GB address space. The Java Heap base address is the
#     maximum limit for the native heap growth. Please use -XX:HeapBaseMinAddress
#     to set the Java Heap base and to place the Java Heap above 4GB virtual address.
# This output file may be truncated or incomplete.
#
#  Out of Memory Error (./open/src/hotspot/os/windows/os_windows.cpp:3315), pid=33196, tid=44220
#
# JRE version:  (14.0.2+12) (build )
# Java VM: Java HotSpot(TM) 64-Bit Server VM (14.0.2+12-46, mixed mode, sharing, tiered, compressed oops, g1 gc, windows-amd64)
# No core dump will be written. Minidumps are not enabled by default on client versions of Windows
#

---------------  S U M M A R Y ------------

Command Line: -Dfile.encoding=Cp1252 SearchByBloodGroup

Host: Intel(R) Core(TM) i5-8265U CPU @ 1.60GHz, 8 cores, 7G,  Windows 10 , 64 bit Build 18362 (10.0.18362.1110)
Time: Tue Jan  5 02:18:29 2021 India Standard Time elapsed time: 0 seconds (0d 0h 0m 0s)

---------------  T H R E A D  ---------------

Current thread (0x00000241663cd800):  JavaThread "Unknown thread" [_thread_in_vm, id=44220, stack(0x0000008020f00000,0x0000008021000000)]

Stack: [0x0000008020f00000,0x0000008021000000]
Native frames: (J=compiled Java code, j=interpreted, Vv=VM code, C=native code)
V  [jvm.dll+0x5f8a9a]
V  [jvm.dll+0x74247a]
V  [jvm.dll+0x743c2f]
V  [jvm.dll+0x744273]
V  [jvm.dll+0x20d288]
V  [jvm.dll+0x5f5dea]
V  [jvm.dll+0x5eac45]
V  [jvm.dll+0x2c7e9c]
V  [jvm.dll+0x2c7cd2]
V  [jvm.dll+0x2cdbbc]
V  [jvm.dll+0x313fe8]
V  [jvm.dll+0x313710]
V  [jvm.dll+0x2a092a]
V  [jvm.dll+0x2a1a79]
V  [jvm.dll+0x71fd48]
V  [jvm.dll+0x321c14]
V  [jvm.dll+0x70112c]
V  [jvm.dll+0x392def]
V  [jvm.dll+0x394e61]
C  [jli.dll+0x524b]
C  [ucrtbase.dll+0x210b2]
C  [KERNEL32.DLL+0x17c24]
C  [ntdll.dll+0x6d4d1]


---------------  P R O C E S S  ---------------

Threads class SMR info:
_java_thread_list=0x00007ffc3cbe3038, length=0, elements={
}

Java Threads: ( => current thread )

Other Threads:
  0x0000024166411800 GCTaskThread "GC Thread#0" [stack: 0x0000008021000000,0x0000008021100000] [id=40576]
  0x0000024166424800 ConcurrentGCThread "G1 Main Marker" [stack: 0x0000008021100000,0x0000008021200000] [id=43536]
  0x0000024166425800 ConcurrentGCThread "G1 Conc#0" [stack: 0x0000008021200000,0x0000008021300000] [id=7496]

[error occurred during error reporting (printing all threads), id 0xc0000005, EXCEPTION_ACCESS_VIOLATION (0xc0000005) at pc=0x00007ffc3c411257]

VM state:not at safepoint (not fully initialized)

VM Mutex/Monitor currently owned by a thread:  ([mutex/lock_event])
[0x00000241663c99b0] Heap_lock - owner thread: 0x00000241663cd800

Heap address: 0x0000000081e00000, size: 2018 MB, Compressed Oops mode: 32-bit
Narrow klass base: 0x0000000000000000, Narrow klass shift: 0

GC Heap History (0 events):
No events

Deoptimization events (0 events):
No events

Classes unloaded (0 events):
No events

Classes redefined (0 events):
No events

Internal exceptions (0 events):
No events

Events (2 events):
Event: 0.011 Loaded shared library C:\Program Files\Java\jdk-14.0.2\bin\java.dll
Event: 0.012 Loaded shared library C:\Program Files\Java\jdk-14.0.2\bin\zip.dll


Dynamic libraries:
0x00007ff7a5500000 - 0x00007ff7a550f000 	C:\Program Files\Java\jdk-14.0.2\bin\javaw.exe
0x00007ffc8e040000 - 0x00007ffc8e230000 	C:\windows\SYSTEM32\ntdll.dll
0x00007ffc8ce30000 - 0x00007ffc8cee2000 	C:\windows\System32\KERNEL32.DLL
0x00007ffc8be40000 - 0x00007ffc8c0e5000 	C:\windows\System32\KERNELBASE.dll
0x00007ffc8bca0000 - 0x00007ffc8bd9a000 	C:\windows\System32\ucrtbase.dll
0x00007ffc7bbf0000 - 0x00007ffc7bc05000 	C:\Program Files\Java\jdk-14.0.2\bin\VCRUNTIME140.dll
0x00007ffc7bc10000 - 0x00007ffc7bc28000 	C:\Program Files\Java\jdk-14.0.2\bin\jli.dll
0x00007ffc8dce0000 - 0x00007ffc8dd83000 	C:\windows\System32\ADVAPI32.dll
0x00007ffc8c180000 - 0x00007ffc8c21e000 	C:\windows\System32\msvcrt.dll
0x00007ffc8df60000 - 0x00007ffc8dff7000 	C:\windows\System32\sechost.dll
0x00007ffc8c610000 - 0x00007ffc8c730000 	C:\windows\System32\RPCRT4.dll
0x00007ffc8cbc0000 - 0x00007ffc8cd54000 	C:\windows\System32\USER32.dll
0x00007ffc8ba20000 - 0x00007ffc8ba41000 	C:\windows\System32\win32u.dll
0x00007ffc8c0f0000 - 0x00007ffc8c116000 	C:\windows\System32\GDI32.dll
0x00007ffc72c70000 - 0x00007ffc72ef4000 	C:\windows\WinSxS\amd64_microsoft.windows.common-controls_6595b64144ccf1df_6.0.18362.1256_none_9e7e379be45e40e2\COMCTL32.dll
0x00007ffc8bb00000 - 0x00007ffc8bc96000 	C:\windows\System32\gdi32full.dll
0x00007ffc8c2d0000 - 0x00007ffc8c606000 	C:\windows\System32\combase.dll
0x00007ffc8bda0000 - 0x00007ffc8be3e000 	C:\windows\System32\msvcp_win.dll
0x00007ffc8ba70000 - 0x00007ffc8baf1000 	C:\windows\System32\bcryptPrimitives.dll
0x00007ffc85f40000 - 0x00007ffc85f4a000 	C:\windows\SYSTEM32\VERSION.dll
0x00007ffc8c2a0000 - 0x00007ffc8c2ce000 	C:\windows\System32\IMM32.DLL
0x00007ffc70030000 - 0x00007ffc700cb000 	C:\Program Files\Java\jdk-14.0.2\bin\msvcp140.dll
0x00007ffc3c160000 - 0x00007ffc3cc7e000 	C:\Program Files\Java\jdk-14.0.2\bin\server\jvm.dll
0x00007ffc8dd90000 - 0x00007ffc8dd98000 	C:\windows\System32\PSAPI.DLL
0x00007ffc78920000 - 0x00007ffc78944000 	C:\windows\SYSTEM32\WINMM.dll
0x00007ffc78370000 - 0x00007ffc78379000 	C:\windows\SYSTEM32\WSOCK32.dll
0x00007ffc8d720000 - 0x00007ffc8d78f000 	C:\windows\System32\WS2_32.dll
0x00007ffc78f90000 - 0x00007ffc78fbd000 	C:\windows\SYSTEM32\WINMMBASE.dll
0x00007ffc8b940000 - 0x00007ffc8b98a000 	C:\windows\System32\cfgmgr32.dll
0x00007ffc8aef0000 - 0x00007ffc8af01000 	C:\windows\System32\kernel.appcore.dll
0x00007ffc88990000 - 0x00007ffc8899a000 	C:\Program Files\Java\jdk-14.0.2\bin\jimage.dll
0x00007ffc89440000 - 0x00007ffc89634000 	C:\windows\SYSTEM32\DBGHELP.DLL
0x00007ffc7d210000 - 0x00007ffc7d23a000 	C:\windows\SYSTEM32\dbgcore.DLL
0x00007ffc5dca0000 - 0x00007ffc5dcc5000 	C:\Program Files\Java\jdk-14.0.2\bin\java.dll
0x00007ffc773a0000 - 0x00007ffc773b6000 	C:\Program Files\Java\jdk-14.0.2\bin\zip.dll

dbghelp: loaded successfully - version: 4.0.5 - missing functions: none
symbol engine: initialized successfully - sym options: 0x614 - pdb path: .;C:\Program Files\Java\jdk-14.0.2\bin;C:\windows\SYSTEM32;C:\windows\WinSxS\amd64_microsoft.windows.common-controls_6595b64144ccf1df_6.0.18362.1256_none_9e7e379be45e40e2;C:\Program Files\Java\jdk-14.0.2\bin\server

VM Arguments:
jvm_args: -Dfile.encoding=Cp1252 
java_command: SearchByBloodGroup
java_class_path (initial): C:\Users\NISCHALA R\Desktop\java\Healthcare Management System\bin;C:\Users\NISCHALA R\Desktop\rs2xml\rs2xml\rs2xml.jar;C:\Users\NISCHALA R\Desktop\mysql-connector-java-8.0.22\mysql-connector-java-8.0.22.jar;C:\Users\NISCHALA R\Desktop\jcalendar-1.4.jar
Launcher Type: SUN_STANDARD

[Global flags]
     intx CICompilerCount                          = 4                                         {product} {ergonomic}
     uint ConcGCThreads                            = 2                                         {product} {ergonomic}
     uint G1ConcRefinementThreads                  = 8                                         {product} {ergonomic}
   size_t G1HeapRegionSize                         = 1048576                                   {product} {ergonomic}
    uintx GCDrainStackTargetSize                   = 64                                        {product} {ergonomic}
   size_t InitialHeapSize                          = 134217728                                 {product} {ergonomic}
   size_t MarkStackSize                            = 4194304                                   {product} {ergonomic}
   size_t MaxHeapSize                              = 2116026368                                {product} {ergonomic}
   size_t MinHeapDeltaBytes                        = 1048576                                   {product} {ergonomic}
   size_t MinHeapSize                              = 8388608                                   {product} {ergonomic}
    uintx NonNMethodCodeHeapSize                   = 5839372                                {pd product} {ergonomic}
    uintx NonProfiledCodeHeapSize                  = 122909434                              {pd product} {ergonomic}
    uintx ProfiledCodeHeapSize                     = 122909434                              {pd product} {ergonomic}
    uintx ReservedCodeCacheSize                    = 251658240                              {pd product} {ergonomic}
     bool SegmentedCodeCache                       = true                                      {product} {ergonomic}
   size_t SoftMaxHeapSize                          = 2116026368                             {manageable} {ergonomic}
     bool UseCompressedClassPointers               = true                                 {lp64_product} {ergonomic}
     bool UseCompressedOops                        = true                                 {lp64_product} {ergonomic}
     bool UseG1GC                                  = true                                      {product} {ergonomic}
     bool UseLargePagesIndividualAllocation        = false                                  {pd product} {ergonomic}

Logging:
Log output configuration:
 #0: stdout all=warning uptime,level,tags
 #1: stderr all=off uptime,level,tags

Environment Variables:
PATH=C:/Program Files/Java/jdk-14.0.2/bin/server;C:/Program Files/Java/jdk-14.0.2/bin;C:\windows\system32;C:\windows;C:\windows\System32\Wbem;C:\windows\System32\WindowsPowerShell\v1.0\;C:\windows\System32\OpenSSH\;C:\cygwin64\bin;C:\Program Files\Git\cmd;C:\Program Files\nodejs\node_modules\npm;C:\Program Files\nodejs\;C:\Program Files\Sublime Text 3\sublime_text.exe;C:\Program Files\Java\jdk-14.0.2\bin;C:\Program Files\MySQL\MySQL Shell8.0\bin\;C:\Users\NISCHALA R\AppData\Roaming\npm;C:\Users\NISCHALA R\Desktop;
USERNAME=NISCHALA R
OS=Windows_NT
PROCESSOR_IDENTIFIER=Intel64 Family 6 Model 142 Stepping 12, GenuineIntel



---------------  S Y S T E M  ---------------

OS: Windows 10 , 64 bit Build 18362 (10.0.18362.1110)
OS uptime: 26 days 3:13 hours

CPU:total 8 (initial active 8) (4 cores per cpu, 2 threads per core) family 6 model 142 stepping 12, cmov, cx8, fxsr, mmx, sse, sse2, sse3, ssse3, sse4.1, sse4.2, popcnt, avx, avx2, aes, clmul, erms, 3dnowpref, lzcnt, ht, tsc, tscinvbit, bmi1, bmi2, adx, fma

Memory: 4k page, system-wide physical 8070M (493M free)
TotalPageFile size 32646M (AvailPageFile size 62M)
current process WorkingSet (physical memory assigned to process): 10M, peak: 10M
current process commit charge ("private bytes"): 60M, peak: 188M

vm_info: Java HotSpot(TM) 64-Bit Server VM (14.0.2+12-46) for windows-amd64 JRE (14.0.2+12-46), built on Jul  9 2020 00:35:52 by "mach5one" with MS VC++ 15.9 (VS2017)

END.
